Using pre-set license
Built from '2020.3/staging' branch; Version is '2020.3.0f1 (c7b5465681fb) revision 13088070'; Using compiler version '192528614'; Build Type 'Release'
OS: 'Windows 10 Pro; OS build 18363.1440; Version 1909; 64bit' Language: 'de' Physical Memory: 8113 MB
BatchMode: 1, IsHumanControllingUs: 0, StartBugReporterOnCrash: 0, Is64bit: 1, IsPro: 0

 COMMAND LINE ARGUMENTS:
C:\Users\lucac\Documents\Unity\2020.3.0f1\Editor\Unity.exe
-adb2
-batchMode
-noUpm
-name
AssetImportWorker0
-projectPath
C:/Users/lucac/Documents/Unity_Projects/IntroToUnity
-logFile
Logs/AssetImportWorker0.log
-srvPort
50137
Successfully changed project path to: C:/Users/lucac/Documents/Unity_Projects/IntroToUnity
C:/Users/lucac/Documents/Unity_Projects/IntroToUnity
Using Asset Import Pipeline V2.
Refreshing native plugins compatible for Editor in 27.27 ms, found 0 plugins.
Preloading 0 native plugins for Editor in 0.00 ms.
Initialize engine version: 2020.3.0f1 (c7b5465681fb)
[Subsystems] Discovering subsystems at path C:/Users/lucac/Documents/Unity/2020.3.0f1/Editor/Data/Resources/UnitySubsystems
[Subsystems] Discovering subsystems at path C:/Users/lucac/Documents/Unity_Projects/IntroToUnity/Assets
GfxDevice: creating device client; threaded=0
Direct3D:
    Version:  Direct3D 11.0 [level 11.1]
    Renderer: Intel(R) HD Graphics 620 (ID=0x5916)
    Vendor:   
    VRAM:     4056 MB
    Driver:   26.20.100.7639
Initialize mono
Mono path[0] = 'C:/Users/lucac/Documents/Unity/2020.3.0f1/Editor/Data/Managed'
Mono path[1] = 'C:/Users/lucac/Documents/Unity/2020.3.0f1/Editor/Data/MonoBleedingEdge/lib/mono/unityjit'
Mono config path = 'C:/Users/lucac/Documents/Unity/2020.3.0f1/Editor/Data/MonoBleedingEdge/etc'
Using monoOptions --debugger-agent=transport=dt_socket,embedding=1,server=y,suspend=n,address=127.0.0.1:56064
Begin MonoManager ReloadAssembly
Registering precompiled unity dll's ...
Register platform support module: C:/Users/lucac/Documents/Unity/2020.3.0f1/Editor/Data/PlaybackEngines/WindowsStandaloneSupport/UnityEditor.WindowsStandalone.Extensions.dll
Registered in 0.002230 seconds.
Native extension for WindowsStandalone target not found
Refreshing native plugins compatible for Editor in 32.47 ms, found 0 plugins.
Preloading 0 native plugins for Editor in 0.00 ms.
Invoked RoslynAnalysisRunner static constructor.
RoslynAnalysisRunner will not be running.
RoslynAnalysisRunner has terminated.
Mono: successfully reloaded assembly
- Completed reload, in  1.301 seconds
Platform modules already initialized, skipping
Registering precompiled user dll's ...
Registered in 0.000870 seconds.
Begin MonoManager ReloadAssembly
Native extension for WindowsStandalone target not found
Refreshing native plugins compatible for Editor in 0.23 ms, found 0 plugins.
Preloading 0 native plugins for Editor in 0.00 ms.
Invoked RoslynAnalysisRunner static constructor.
RoslynAnalysisRunner will not be running.
RoslynAnalysisRunner has terminated.
Mono: successfully reloaded assembly
- Completed reload, in  1.125 seconds
Platform modules already initialized, skipping
========================================================================
Worker process is ready to serve import requests
Launched and connected shader compiler UnityShaderCompiler.exe after 0.06 seconds
Refreshing native plugins compatible for Editor in 0.22 ms, found 0 plugins.
Preloading 0 native plugins for Editor in 0.00 ms.
Unloading 1113 Unused Serialized files (Serialized files now loaded: 0)
System memory in use before: 69.2 MB.
System memory in use after: 69.3 MB.

Unloading 10 unused Assets to reduce memory usage. Loaded Objects now: 1573.
Total: 2.412800 ms (FindLiveObjects: 0.264800 ms CreateObjectMapping: 0.054600 ms MarkObjects: 1.969400 ms  DeleteObjects: 0.121900 ms)

========================================================================
Received Import Request.
  path: Assets/Scenes/SampleScene.unity
  artifactKey: Guid(9fc0d4010bbf28b4594072e72b8655ab) Importer(815301076,1909f56bfc062723c751e8b465ee728b)
Start importing Assets/Scenes/SampleScene.unity using Guid(9fc0d4010bbf28b4594072e72b8655ab) Importer(815301076,1909f56bfc062723c751e8b465ee728b)  -> (artifact id: '95bf3395711e14b5fbace77269c36c56') in 0.027618 seconds
  Import took 0.030102 seconds .

========================================================================
Received Import Request.
  Time since last request: 0.370666 seconds.
  path: Assets/Tree 1_Textures
  artifactKey: Guid(3ae5b2b761790db4bac53adf69aab4f2) Importer(815301076,1909f56bfc062723c751e8b465ee728b)
Start importing Assets/Tree 1_Textures using Guid(3ae5b2b761790db4bac53adf69aab4f2) Importer(815301076,1909f56bfc062723c751e8b465ee728b)  -> (artifact id: 'fc9b313b36af0649fade0860c0abb7f7') in 0.014782 seconds
  Import took 0.018130 seconds .

========================================================================
Received Import Request.
  Time since last request: 4.373183 seconds.
  path: Assets/Tree_Textures
  artifactKey: Guid(ac71ed1b2d011204e93c1306c188b3cc) Importer(815301076,1909f56bfc062723c751e8b465ee728b)
Start importing Assets/Tree_Textures using Guid(ac71ed1b2d011204e93c1306c188b3cc) Importer(815301076,1909f56bfc062723c751e8b465ee728b)  -> (artifact id: 'cf8b66c5eed15212b863b6aa62ce62f9') in 0.014727 seconds
  Import took 0.019309 seconds .

========================================================================
Received Import Request.
  Time since last request: 6.019806 seconds.
  path: Assets/Tree 1.prefab
  artifactKey: Guid(7c1f8c888a71f2c4b83bf01d1d3bae91) Importer(815301076,1909f56bfc062723c751e8b465ee728b)
Start importing Assets/Tree 1.prefab using Guid(7c1f8c888a71f2c4b83bf01d1d3bae91) Importer(815301076,1909f56bfc062723c751e8b465ee728b)  -> (artifact id: '89662a4667484e3be41ed6cd48caff6f') in 0.230959 seconds
  Import took 0.234113 seconds .

========================================================================
Received Import Request.
  Time since last request: 21.206948 seconds.
  path: Assets/Scenes/Prototype.unity
  artifactKey: Guid(9fc0d4010bbf28b4594072e72b8655ab) Importer(815301076,1909f56bfc062723c751e8b465ee728b)
Start importing Assets/Scenes/Prototype.unity using Guid(9fc0d4010bbf28b4594072e72b8655ab) Importer(815301076,1909f56bfc062723c751e8b465ee728b)  -> (artifact id: '39c0a867edb781ab885ebea4b508a36e') in 0.015243 seconds
  Import took 0.018493 seconds .

========================================================================
Received Import Request.
  Time since last request: 71.531408 seconds.
  path: Assets/Scenes/Prototype.unity
  artifactKey: Guid(9fc0d4010bbf28b4594072e72b8655ab) Importer(815301076,1909f56bfc062723c751e8b465ee728b)
Start importing Assets/Scenes/Prototype.unity using Guid(9fc0d4010bbf28b4594072e72b8655ab) Importer(815301076,1909f56bfc062723c751e8b465ee728b)  -> (artifact id: 'f87444845df07bd5f69b01c874c2ce5c') in 0.006984 seconds
  Import took 0.010965 seconds .

========================================================================
Received Import Request.
  Time since last request: 447.549853 seconds.
  path: Assets/Scripts
  artifactKey: Guid(3def7453b5b88db4282e0d4b53cfb914) Importer(815301076,1909f56bfc062723c751e8b465ee728b)
Start importing Assets/Scripts using Guid(3def7453b5b88db4282e0d4b53cfb914) Importer(815301076,1909f56bfc062723c751e8b465ee728b)  -> (artifact id: '36d441e596b6b9205c894d46935499a9') in 0.023745 seconds
  Import took 0.034169 seconds .

========================================================================
Received Import Request.
  Time since last request: 9.250664 seconds.
  path: Assets/Scripts/New Folder
  artifactKey: Guid(c454c0ad341b3c74f9c574f24a3c513d) Importer(815301076,1909f56bfc062723c751e8b465ee728b)
Start importing Assets/Scripts/New Folder using Guid(c454c0ad341b3c74f9c574f24a3c513d) Importer(815301076,1909f56bfc062723c751e8b465ee728b)  -> (artifact id: 'be824e8abbf7473cc2f1b319916d0f66') in 0.020178 seconds
  Import took 0.023689 seconds .

========================================================================
Received Import Request.
  Time since last request: 11.479478 seconds.
  path: Assets/Scripts/Player.cs
  artifactKey: Guid(8f59cb150ce67ec4a8753328f22d63a2) Importer(815301076,1909f56bfc062723c751e8b465ee728b)
Start importing Assets/Scripts/Player.cs using Guid(8f59cb150ce67ec4a8753328f22d63a2) Importer(815301076,1909f56bfc062723c751e8b465ee728b)  -> (artifact id: '1b329cac435e7e90ccb53599b9110fd6') in 0.042170 seconds
  Import took 0.048022 seconds .

========================================================================
Received Prepare
Registering precompiled user dll's ...
Registered in 0.001211 seconds.
Begin MonoManager ReloadAssembly
Native extension for WindowsStandalone target not found
Refreshing native plugins compatible for Editor in 0.24 ms, found 0 plugins.
Preloading 0 native plugins for Editor in 0.00 ms.
Invoked RoslynAnalysisRunner static constructor.
RoslynAnalysisRunner will not be running.
RoslynAnalysisRunner has terminated.
Mono: successfully reloaded assembly
- Completed reload, in  1.110 seconds
Platform modules already initialized, skipping
Refreshing native plugins compatible for Editor in 0.26 ms, found 0 plugins.
Preloading 0 native plugins for Editor in 0.00 ms.
Unloading 1109 Unused Serialized files (Serialized files now loaded: 0)
System memory in use before: 72.7 MB.
System memory in use after: 72.8 MB.

Unloading 5 unused Assets to reduce memory usage. Loaded Objects now: 1620.
Total: 2.462400 ms (FindLiveObjects: 0.155700 ms CreateObjectMapping: 0.053600 ms MarkObjects: 2.169000 ms  DeleteObjects: 0.081800 ms)

AssetImportWorkerClient::OnTransportError - code=2 error=End of file
